----------------------------------------------------
1. Verifica Python 
Python 3.12.1
----------------------------------------------------
INIZIALIZZAZIONE PROGETTO 
2. Creazione della Struttura delle Directory e File
Struttura del progetto creata con successo.
3. Creazione Ambiente Virtuale
Ambiente virtuale creato con successo.
4. Installazione Pacchetti
Requirement already satisfied: pip in ./.venv/lib/python3.12/site-packages (23.2.1)
Collecting pip
  Obtaining dependency information for pip from https://files.pythonhosted.org/packages/3a/eb/fea4d1d51c49832120f7f285d07306db3960f423a2612c6057caf3e8196f/pip-26.1.1-py3-none-any.whl.metadata
  Downloading pip-26.1.1-py3-none-any.whl.metadata (4.6 kB)
Downloading pip-26.1.1-py3-none-any.whl (1.8 MB)
   ━━━━━━━━━━━━━━━━━━━━━━━━━━━━━━━━━━━━━━━ 1.8/1.8 MB 18.1 MB/s eta 0:00:00
Installing collected packages: pip
  Attempting uninstall: pip
    Found existing installation: pip 23.2.1
    Uninstalling pip-23.2.1:
      Successfully uninstalled pip-23.2.1
Successfully installed pip-26.1.1
Looking in indexes: https://download.pytorch.org/whl/cu121
Collecting torch
  Downloading torch-2.5.1%2Bcu121-cp312-cp312-linux_x86_64.whl (780.4 MB)
     ━━━━━━━━━━━━━━━━━━━━━━━━━━━━━━━━━━━━ 780.4/780.4 MB 17.5 MB/s  0:00:18
Collecting filelock (from torch)
  Downloading filelock-3.29.0-py3-none-any.whl.metadata (2.0 kB)
Collecting typing-extensions>=4.8.0 (from torch)
  Downloading typing_extensions-4.15.0-py3-none-any.whl.metadata (3.3 kB)
Collecting networkx (from torch)
  Downloading networkx-3.6.1-py3-none-any.whl.metadata (6.8 kB)
Collecting jinja2 (from torch)
  Downloading jinja2-3.1.6-py3-none-any.whl.metadata (2.9 kB)
Collecting fsspec (from torch)
  Downloading fsspec-2026.4.0-py3-none-any.whl.metadata (10 kB)
Collecting nvidia-cuda-nvrtc-cu12==12.1.105 (from torch)
  Downloading nvidia_cuda_nvrtc_cu12-12.1.105-py3-none-manylinux1_x86_64.whl (23.7 MB)
     ━━━━━━━━━━━━━━━━━━━━━━━━━━━━━━━━━━━━━━ 23.7/23.7 MB 42.1 MB/s  0:00:00
Collecting nvidia-cuda-runtime-cu12==12.1.105 (from torch)
  Downloading nvidia_cuda_runtime_cu12-12.1.105-py3-none-manylinux1_x86_64.whl (823 kB)
     ━━━━━━━━━━━━━━━━━━━━━━━━━━━━━━━━━━━━ 823.6/823.6 kB 37.8 MB/s  0:00:00
Collecting nvidia-cuda-cupti-cu12==12.1.105 (from torch)
  Downloading nvidia_cuda_cupti_cu12-12.1.105-py3-none-manylinux1_x86_64.whl (14.1 MB)
     ━━━━━━━━━━━━━━━━━━━━━━━━━━━━━━━━━━━━━━ 14.1/14.1 MB 27.8 MB/s  0:00:00
Collecting nvidia-cudnn-cu12==9.1.0.70 (from torch)
  Downloading nvidia_cudnn_cu12-9.1.0.70-py3-none-manylinux2014_x86_64.whl (664.8 MB)
     ━━━━━━━━━━━━━━━━━━━━━━━━━━━━━━━━━━━━ 664.8/664.8 MB 21.7 MB/s  0:00:13
Collecting nvidia-cublas-cu12==12.1.3.1 (from torch)
  Downloading nvidia_cublas_cu12-12.1.3.1-py3-none-manylinux1_x86_64.whl (410.6 MB)
     ━━━━━━━━━━━━━━━━━━━━━━━━━━━━━━━━━━━━ 410.6/410.6 MB 38.4 MB/s  0:00:07
Collecting nvidia-cufft-cu12==11.0.2.54 (from torch)
  Downloading nvidia_cufft_cu12-11.0.2.54-py3-none-manylinux1_x86_64.whl (121.6 MB)
     ━━━━━━━━━━━━━━━━━━━━━━━━━━━━━━━━━━━━ 121.6/121.6 MB 57.7 MB/s  0:00:02
Collecting nvidia-curand-cu12==10.3.2.106 (from torch)
  Downloading nvidia_curand_cu12-10.3.2.106-py3-none-manylinux1_x86_64.whl (56.5 MB)
     ━━━━━━━━━━━━━━━━━━━━━━━━━━━━━━━━━━━━━━ 56.5/56.5 MB 42.3 MB/s  0:00:01
Collecting nvidia-cusolver-cu12==11.4.5.107 (from torch)
  Downloading nvidia_cusolver_cu12-11.4.5.107-py3-none-manylinux1_x86_64.whl (124.2 MB)
     ━━━━━━━━━━━━━━━━━━━━━━━━━━━━━━━━━━━━ 124.2/124.2 MB 44.6 MB/s  0:00:02
Collecting nvidia-cusparse-cu12==12.1.0.106 (from torch)
  Downloading nvidia_cusparse_cu12-12.1.0.106-py3-none-manylinux1_x86_64.whl (196.0 MB)
     ━━━━━━━━━━━━━━━━━━━━━━━━━━━━━━━━━━━━ 196.0/196.0 MB 47.6 MB/s  0:00:04
Collecting nvidia-nccl-cu12==2.21.5 (from torch)
  Downloading nvidia_nccl_cu12-2.21.5-py3-none-manylinux2014_x86_64.whl (188.7 MB)
     ━━━━━━━━━━━━━━━━━━━━━━━━━━━━━━━━━━━━ 188.7/188.7 MB 51.8 MB/s  0:00:03
Collecting nvidia-nvtx-cu12==12.1.105 (from torch)
  Downloading nvidia_nvtx_cu12-12.1.105-py3-none-manylinux1_x86_64.whl (99 kB)
Collecting triton==3.1.0 (from torch)
  Downloading triton-3.1.0-cp312-cp312-manylinux_2_17_x86_64.manylinux2014_x86_64.whl (209.6 MB)
     ━━━━━━━━━━━━━━━━━━━━━━━━━━━━━━━━━━━━ 209.6/209.6 MB 48.9 MB/s  0:00:04
Collecting setuptools (from torch)
  Downloading setuptools-70.2.0-py3-none-any.whl.metadata (5.8 kB)
Collecting sympy==1.13.1 (from torch)
  Downloading sympy-1.13.1-py3-none-any.whl.metadata (12 kB)
Collecting nvidia-nvjitlink-cu12 (from nvidia-cusolver-cu12==11.4.5.107->torch)
  Downloading nvidia_nvjitlink_cu12-12.9.86-py3-none-manylinux2010_x86_64.manylinux_2_12_x86_64.whl.metadata (1.7 kB)
Collecting mpmath<1.4,>=1.1.0 (from sympy==1.13.1->torch)
  Downloading mpmath-1.3.0-py3-none-any.whl.metadata (8.6 kB)
Collecting MarkupSafe>=2.0 (from jinja2->torch)
  Downloading markupsafe-3.0.3-cp312-cp312-manylinux2014_x86_64.manylinux_2_17_x86_64.manylinux_2_28_x86_64.whl.metadata (2.7 kB)
Downloading sympy-1.13.1-py3-none-any.whl (6.2 MB)
   ━━━━━━━━━━━━━━━━━━━━━━━━━━━━━━━━━━━━━━━━ 6.2/6.2 MB 18.6 MB/s  0:00:00
Downloading mpmath-1.3.0-py3-none-any.whl (536 kB)
   ━━━━━━━━━━━━━━━━━━━━━━━━━━━━━━━━━━━━━━ 536.2/536.2 kB 29.0 MB/s  0:00:00
Downloading typing_extensions-4.15.0-py3-none-any.whl (44 kB)
Downloading filelock-3.29.0-py3-none-any.whl (39 kB)
Downloading fsspec-2026.4.0-py3-none-any.whl (203 kB)
Downloading jinja2-3.1.6-py3-none-any.whl (134 kB)
Downloading markupsafe-3.0.3-cp312-cp312-manylinux2014_x86_64.manylinux_2_17_x86_64.manylinux_2_28_x86_64.whl (22 kB)
Downloading networkx-3.6.1-py3-none-any.whl (2.1 MB)
   ━━━━━━━━━━━━━━━━━━━━━━━━━━━━━━━━━━━━━━━━ 2.1/2.1 MB 47.7 MB/s  0:00:00
Downloading nvidia_nvjitlink_cu12-12.9.86-py3-none-manylinux2010_x86_64.manylinux_2_12_x86_64.whl (39.7 MB)
   ━━━━━━━━━━━━━━━━━━━━━━━━━━━━━━━━━━━━━━━━ 39.7/39.7 MB 47.4 MB/s  0:00:00
Downloading setuptools-70.2.0-py3-none-any.whl (930 kB)
   ━━━━━━━━━━━━━━━━━━━━━━━━━━━━━━━━━━━━━━ 930.8/930.8 kB 46.5 MB/s  0:00:00
Installing collected packages: mpmath, typing-extensions, sympy, setuptools, nvidia-nvtx-cu12, nvidia-nvjitlink-cu12, nvidia-nccl-cu12, nvidia-curand-cu12, nvidia-cufft-cu12, nvidia-cuda-runtime-cu12, nvidia-cuda-nvrtc-cu12, nvidia-cuda-cupti-cu12, nvidia-cublas-cu12, networkx, MarkupSafe, fsspec, filelock, triton, nvidia-cusparse-cu12, nvidia-cudnn-cu12, jinja2, nvidia-cusolver-cu12, torch

Successfully installed MarkupSafe-3.0.3 filelock-3.29.0 fsspec-2026.4.0 jinja2-3.1.6 mpmath-1.3.0 networkx-3.6.1 nvidia-cublas-cu12-12.1.3.1 nvidia-cuda-cupti-cu12-12.1.105 nvidia-cuda-nvrtc-cu12-12.1.105 nvidia-cuda-runtime-cu12-12.1.105 nvidia-cudnn-cu12-9.1.0.70 nvidia-cufft-cu12-11.0.2.54 nvidia-curand-cu12-10.3.2.106 nvidia-cusolver-cu12-11.4.5.107 nvidia-cusparse-cu12-12.1.0.106 nvidia-nccl-cu12-2.21.5 nvidia-nvjitlink-cu12-12.9.86 nvidia-nvtx-cu12-12.1.105 setuptools-70.2.0 sympy-1.13.1 torch-2.5.1+cu121 triton-3.1.0 typing-extensions-4.15.0
Collecting transformers
  Downloading transformers-5.8.1-py3-none-any.whl.metadata (33 kB)
Collecting datasets
  Downloading datasets-4.8.5-py3-none-any.whl.metadata (19 kB)
Collecting accelerate
  Downloading accelerate-1.13.0-py3-none-any.whl.metadata (19 kB)
Collecting evaluate
  Downloading evaluate-0.4.6-py3-none-any.whl.metadata (9.5 kB)
Collecting scikit-learn
  Downloading scikit_learn-1.8.0-cp312-cp312-manylinux_2_27_x86_64.manylinux_2_28_x86_64.whl.metadata (11 kB)
Collecting mlflow
  Downloading mlflow-3.12.0-py3-none-any.whl.metadata (49 kB)
Collecting huggingface-hub<2.0,>=1.5.0 (from transformers)
  Downloading huggingface_hub-1.15.0-py3-none-any.whl.metadata (14 kB)
Collecting numpy>=1.17 (from transformers)
  Downloading numpy-2.4.5-cp312-cp312-manylinux_2_27_x86_64.manylinux_2_28_x86_64.whl.metadata (6.6 kB)
Collecting packaging>=20.0 (from transformers)
  Downloading packaging-26.2-py3-none-any.whl.metadata (3.5 kB)
Collecting pyyaml>=5.1 (from transformers)
  Downloading pyyaml-6.0.3-cp312-cp312-manylinux2014_x86_64.manylinux_2_17_x86_64.manylinux_2_28_x86_64.whl.metadata (2.4 kB)
Collecting regex>=2025.10.22 (from transformers)
  Downloading regex-2026.5.9-cp312-cp312-manylinux2014_x86_64.manylinux_2_17_x86_64.manylinux_2_28_x86_64.whl.metadata (40 kB)
Collecting tokenizers<=0.23.0,>=0.22.0 (from transformers)
  Downloading tokenizers-0.22.2-cp39-abi3-manylinux_2_17_x86_64.manylinux2014_x86_64.whl.metadata (7.3 kB)
Collecting typer (from transformers)
  Downloading typer-0.25.1-py3-none-any.whl.metadata (15 kB)
Collecting safetensors>=0.4.3 (from transformers)
  Downloading safetensors-0.7.0-cp38-abi3-manylinux_2_17_x86_64.manylinux2014_x86_64.whl.metadata (4.1 kB)
Collecting tqdm>=4.27 (from transformers)
  Downloading tqdm-4.67.3-py3-none-any.whl.metadata (57 kB)
Requirement already satisfied: filelock>=3.10.0 in ./.venv/lib/python3.12/site-packages (from huggingface-hub<2.0,>=1.5.0->transformers) (3.29.0)
Requirement already satisfied: fsspec>=2023.5.0 in ./.venv/lib/python3.12/site-packages (from huggingface-hub<2.0,>=1.5.0->transformers) (2026.4.0)
Collecting hf-xet<2.0.0,>=1.4.3 (from huggingface-hub<2.0,>=1.5.0->transformers)
  Downloading hf_xet-1.5.0-cp37-abi3-manylinux2014_x86_64.manylinux_2_17_x86_64.whl.metadata (4.9 kB)
Collecting httpx<1,>=0.23.0 (from huggingface-hub<2.0,>=1.5.0->transformers)
  Downloading httpx-0.28.1-py3-none-any.whl.metadata (7.1 kB)
Requirement already satisfied: typing-extensions>=4.1.0 in ./.venv/lib/python3.12/site-packages (from huggingface-hub<2.0,>=1.5.0->transformers) (4.15.0)
Collecting anyio (from httpx<1,>=0.23.0->huggingface-hub<2.0,>=1.5.0->transformers)
  Downloading anyio-4.13.0-py3-none-any.whl.metadata (4.5 kB)
Collecting certifi (from httpx<1,>=0.23.0->huggingface-hub<2.0,>=1.5.0->transformers)
  Downloading certifi-2026.4.22-py3-none-any.whl.metadata (2.5 kB)
Collecting httpcore==1.* (from httpx<1,>=0.23.0->huggingface-hub<2.0,>=1.5.0->transformers)
  Downloading httpcore-1.0.9-py3-none-any.whl.metadata (21 kB)
Collecting idna (from httpx<1,>=0.23.0->huggingface-hub<2.0,>=1.5.0->transformers)
  Downloading idna-3.15-py3-none-any.whl.metadata (7.7 kB)
Collecting h11>=0.16 (from httpcore==1.*->httpx<1,>=0.23.0->huggingface-hub<2.0,>=1.5.0->transformers)
  Downloading h11-0.16.0-py3-none-any.whl.metadata (8.3 kB)
Collecting pyarrow>=21.0.0 (from datasets)
  Downloading pyarrow-24.0.0-cp312-cp312-manylinux_2_28_x86_64.whl.metadata (3.0 kB)
Collecting dill<0.4.2,>=0.3.0 (from datasets)
  Downloading dill-0.4.1-py3-none-any.whl.metadata (10 kB)
Collecting pandas (from datasets)
  Downloading pandas-3.0.3-cp312-cp312-manylinux_2_24_x86_64.manylinux_2_28_x86_64.whl.metadata (79 kB)
Collecting requests>=2.32.2 (from datasets)
  Downloading requests-2.34.2-py3-none-any.whl.metadata (4.8 kB)
Collecting xxhash (from datasets)
  Downloading xxhash-3.7.0-cp312-cp312-manylinux2014_x86_64.manylinux_2_17_x86_64.manylinux_2_28_x86_64.whl.metadata (13 kB)
Collecting multiprocess<0.70.20 (from datasets)
  Downloading multiprocess-0.70.19-py312-none-any.whl.metadata (7.5 kB)
Collecting fsspec>=2023.5.0 (from huggingface-hub<2.0,>=1.5.0->transformers)
  Downloading fsspec-2026.2.0-py3-none-any.whl.metadata (10 kB)
Collecting aiohttp!=4.0.0a0,!=4.0.0a1 (from fsspec[http]<=2026.2.0,>=2023.1.0->datasets)
  Downloading aiohttp-3.13.5-cp312-cp312-manylinux2014_x86_64.manylinux_2_17_x86_64.manylinux_2_28_x86_64.whl.metadata (8.1 kB)
Collecting psutil (from accelerate)
  Downloading psutil-7.2.2-cp36-abi3-manylinux2010_x86_64.manylinux_2_12_x86_64.manylinux_2_28_x86_64.whl.metadata (22 kB)
Requirement already satisfied: torch>=2.0.0 in ./.venv/lib/python3.12/site-packages (from accelerate) (2.5.1+cu121)
Collecting scipy>=1.10.0 (from scikit-learn)
  Downloading scipy-1.17.1-cp312-cp312-manylinux_2_27_x86_64.manylinux_2_28_x86_64.whl.metadata (62 kB)
Collecting joblib>=1.3.0 (from scikit-learn)
  Downloading joblib-1.5.3-py3-none-any.whl.metadata (5.5 kB)
Collecting threadpoolctl>=3.2.0 (from scikit-learn)
  Downloading threadpoolctl-3.6.0-py3-none-any.whl.metadata (13 kB)
Collecting mlflow-skinny==3.12.0 (from mlflow)
  Downloading mlflow_skinny-3.12.0-py3-none-any.whl.metadata (50 kB)
Collecting mlflow-tracing==3.12.0 (from mlflow)
  Downloading mlflow_tracing-3.12.0-py3-none-any.whl.metadata (19 kB)
Collecting Flask-CORS<7 (from mlflow)
  Downloading flask_cors-6.0.2-py3-none-any.whl.metadata (5.3 kB)
Collecting Flask<4 (from mlflow)
  Downloading flask-3.1.3-py3-none-any.whl.metadata (3.2 kB)
Collecting alembic!=1.10.0,<2 (from mlflow)
  Downloading alembic-1.18.4-py3-none-any.whl.metadata (7.2 kB)
Collecting cryptography<47,>=43.0.0 (from mlflow)
  Downloading cryptography-46.0.7-cp311-abi3-manylinux_2_34_x86_64.whl.metadata (5.7 kB)
Collecting docker<8,>=4.0.0 (from mlflow)
  Downloading docker-7.1.0-py3-none-any.whl.metadata (3.8 kB)
Collecting graphene<4 (from mlflow)
  Downloading graphene-3.4.3-py2.py3-none-any.whl.metadata (6.9 kB)
Collecting gunicorn<26 (from mlflow)
  Downloading gunicorn-25.3.0-py3-none-any.whl.metadata (5.5 kB)
Collecting huey<3,>=2.5.4 (from mlflow)
  Downloading huey-2.6.0-py3-none-any.whl.metadata (4.3 kB)
Collecting matplotlib<4 (from mlflow)
  Downloading matplotlib-3.10.9-cp312-cp312-manylinux2014_x86_64.manylinux_2_17_x86_64.whl.metadata (52 kB)
Collecting pandas (from datasets)
  Downloading pandas-2.3.3-cp312-cp312-manylinux_2_24_x86_64.manylinux_2_28_x86_64.whl.metadata (91 kB)
Collecting pyarrow>=21.0.0 (from datasets)
  Downloading pyarrow-23.0.1-cp312-cp312-manylinux_2_28_x86_64.whl.metadata (3.1 kB)
Collecting skops<1 (from mlflow)
  Downloading skops-0.14.0-py3-none-any.whl.metadata (4.4 kB)
Collecting sqlalchemy<3,>=1.4.0 (from mlflow)
  Downloading sqlalchemy-2.0.49-cp312-cp312-manylinux2014_x86_64.manylinux_2_17_x86_64.manylinux_2_28_x86_64.whl.metadata (9.5 kB)
Collecting cachetools<8,>=5.0.0 (from mlflow-skinny==3.12.0->mlflow)
  Downloading cachetools-7.1.2-py3-none-any.whl.metadata (5.5 kB)
Collecting click<9,>=7.0 (from mlflow-skinny==3.12.0->mlflow)
  Downloading click-8.4.0-py3-none-any.whl.metadata (2.6 kB)
Collecting cloudpickle<4 (from mlflow-skinny==3.12.0->mlflow)
  Downloading cloudpickle-3.1.2-py3-none-any.whl.metadata (7.1 kB)
Collecting databricks-sdk<1,>=0.20.0 (from mlflow-skinny==3.12.0->mlflow)
  Downloading databricks_sdk-0.108.0-py3-none-any.whl.metadata (43 kB)
Collecting fastapi<1 (from mlflow-skinny==3.12.0->mlflow)
  Downloading fastapi-0.136.1-py3-none-any.whl.metadata (28 kB)
Collecting gitpython<4,>=3.1.9 (from mlflow-skinny==3.12.0->mlflow)
  Downloading gitpython-3.1.50-py3-none-any.whl.metadata (14 kB)
Collecting importlib_metadata!=4.7.0,<10,>=3.7.0 (from mlflow-skinny==3.12.0->mlflow)
  Downloading importlib_metadata-9.0.0-py3-none-any.whl.metadata (4.5 kB)
Collecting opentelemetry-api<3,>=1.9.0 (from mlflow-skinny==3.12.0->mlflow)
  Downloading opentelemetry_api-1.41.1-py3-none-any.whl.metadata (1.5 kB)
Collecting opentelemetry-proto<3,>=1.9.0 (from mlflow-skinny==3.12.0->mlflow)
  Downloading opentelemetry_proto-1.41.1-py3-none-any.whl.metadata (2.4 kB)
Collecting opentelemetry-sdk<3,>=1.9.0 (from mlflow-skinny==3.12.0->mlflow)
  Downloading opentelemetry_sdk-1.41.1-py3-none-any.whl.metadata (1.7 kB)
Collecting protobuf<8,>=3.12.0 (from mlflow-skinny==3.12.0->mlflow)
  Downloading protobuf-7.34.1-cp310-abi3-manylinux2014_x86_64.whl.metadata (595 bytes)
Collecting pydantic<3,>=2.0.0 (from mlflow-skinny==3.12.0->mlflow)
  Downloading pydantic-2.13.4-py3-none-any.whl.metadata (109 kB)
Collecting python-dotenv<2,>=0.19.0 (from mlflow-skinny==3.12.0->mlflow)
  Downloading python_dotenv-1.2.2-py3-none-any.whl.metadata (27 kB)
Collecting sqlparse<1,>=0.4.0 (from mlflow-skinny==3.12.0->mlflow)
  Downloading sqlparse-0.5.5-py3-none-any.whl.metadata (4.7 kB)
Collecting starlette<1 (from mlflow-skinny==3.12.0->mlflow)
  Downloading starlette-0.52.1-py3-none-any.whl.metadata (6.3 kB)
Collecting uvicorn<1 (from mlflow-skinny==3.12.0->mlflow)
  Downloading uvicorn-0.47.0-py3-none-any.whl.metadata (6.7 kB)
Collecting aiohappyeyeballs>=2.5.0 (from aiohttp!=4.0.0a0,!=4.0.0a1->fsspec[http]<=2026.2.0,>=2023.1.0->datasets)
  Downloading aiohappyeyeballs-2.6.1-py3-none-any.whl.metadata (5.9 kB)
Collecting aiosignal>=1.4.0 (from aiohttp!=4.0.0a0,!=4.0.0a1->fsspec[http]<=2026.2.0,>=2023.1.0->datasets)
  Downloading aiosignal-1.4.0-py3-none-any.whl.metadata (3.7 kB)
Collecting attrs>=17.3.0 (from aiohttp!=4.0.0a0,!=4.0.0a1->fsspec[http]<=2026.2.0,>=2023.1.0->datasets)
  Downloading attrs-26.1.0-py3-none-any.whl.metadata (8.8 kB)
Collecting frozenlist>=1.1.1 (from aiohttp!=4.0.0a0,!=4.0.0a1->fsspec[http]<=2026.2.0,>=2023.1.0->datasets)
  Downloading frozenlist-1.8.0-cp312-cp312-manylinux1_x86_64.manylinux_2_28_x86_64.manylinux_2_5_x86_64.whl.metadata (20 kB)
Collecting multidict<7.0,>=4.5 (from aiohttp!=4.0.0a0,!=4.0.0a1->fsspec[http]<=2026.2.0,>=2023.1.0->datasets)
  Downloading multidict-6.7.1-cp312-cp312-manylinux2014_x86_64.manylinux_2_17_x86_64.manylinux_2_28_x86_64.whl.metadata (5.3 kB)
Collecting propcache>=0.2.0 (from aiohttp!=4.0.0a0,!=4.0.0a1->fsspec[http]<=2026.2.0,>=2023.1.0->datasets)
  Downloading propcache-0.5.2-cp312-cp312-manylinux2014_x86_64.manylinux_2_17_x86_64.manylinux_2_28_x86_64.whl.metadata (16 kB)
Collecting yarl<2.0,>=1.17.0 (from aiohttp!=4.0.0a0,!=4.0.0a1->fsspec[http]<=2026.2.0,>=2023.1.0->datasets)
  Downloading yarl-1.23.0-cp312-cp312-manylinux2014_x86_64.manylinux_2_17_x86_64.manylinux_2_28_x86_64.whl.metadata (79 kB)
Collecting Mako (from alembic!=1.10.0,<2->mlflow)
  Downloading mako-1.3.12-py3-none-any.whl.metadata (2.9 kB)
Collecting cffi>=2.0.0 (from cryptography<47,>=43.0.0->mlflow)
  Using cached cffi-2.0.0-cp312-cp312-manylinux2014_x86_64.manylinux_2_17_x86_64.whl.metadata (2.6 kB)
Collecting google-auth~=2.0 (from databricks-sdk<1,>=0.20.0->mlflow-skinny==3.12.0->mlflow)
  Downloading google_auth-2.53.0-py3-none-any.whl.metadata (5.5 kB)
Collecting protobuf<8,>=3.12.0 (from mlflow-skinny==3.12.0->mlflow)
  Downloading protobuf-6.33.6-cp39-abi3-manylinux2014_x86_64.whl.metadata (593 bytes)
Collecting urllib3>=1.26.0 (from docker<8,>=4.0.0->mlflow)
  Downloading urllib3-2.7.0-py3-none-any.whl.metadata (6.9 kB)
Collecting typing-inspection>=0.4.2 (from fastapi<1->mlflow-skinny==3.12.0->mlflow)
  Downloading typing_inspection-0.4.2-py3-none-any.whl.metadata (2.6 kB)
Collecting annotated-doc>=0.0.2 (from fastapi<1->mlflow-skinny==3.12.0->mlflow)
  Downloading annotated_doc-0.0.4-py3-none-any.whl.metadata (6.6 kB)
Collecting blinker>=1.9.0 (from Flask<4->mlflow)
  Downloading blinker-1.9.0-py3-none-any.whl.metadata (1.6 kB)
Collecting itsdangerous>=2.2.0 (from Flask<4->mlflow)
  Downloading itsdangerous-2.2.0-py3-none-any.whl.metadata (1.9 kB)
Requirement already satisfied: jinja2>=3.1.2 in ./.venv/lib/python3.12/site-packages (from Flask<4->mlflow) (3.1.6)
Requirement already satisfied: markupsafe>=2.1.1 in ./.venv/lib/python3.12/site-packages (from Flask<4->mlflow) (3.0.3)
Collecting werkzeug>=3.1.0 (from Flask<4->mlflow)
  Downloading werkzeug-3.1.8-py3-none-any.whl.metadata (4.0 kB)
Collecting gitdb<5,>=4.0.1 (from gitpython<4,>=3.1.9->mlflow-skinny==3.12.0->mlflow)
  Downloading gitdb-4.0.12-py3-none-any.whl.metadata (1.2 kB)
Collecting smmap<6,>=3.0.1 (from gitdb<5,>=4.0.1->gitpython<4,>=3.1.9->mlflow-skinny==3.12.0->mlflow)
  Downloading smmap-5.0.3-py3-none-any.whl.metadata (4.6 kB)
Collecting pyasn1-modules>=0.2.1 (from google-auth~=2.0->databricks-sdk<1,>=0.20.0->mlflow-skinny==3.12.0->mlflow)
  Downloading pyasn1_modules-0.4.2-py3-none-any.whl.metadata (3.5 kB)
Collecting graphql-core<3.3,>=3.1 (from graphene<4->mlflow)
  Downloading graphql_core-3.2.8-py3-none-any.whl.metadata (11 kB)
Collecting graphql-relay<3.3,>=3.1 (from graphene<4->mlflow)
  Downloading graphql_relay-3.2.0-py3-none-any.whl.metadata (12 kB)
Collecting python-dateutil<3,>=2.7.0 (from graphene<4->mlflow)
  Downloading python_dateutil-2.9.0.post0-py2.py3-none-any.whl.metadata (8.4 kB)
Collecting zipp>=3.20 (from importlib_metadata!=4.7.0,<10,>=3.7.0->mlflow-skinny==3.12.0->mlflow)
  Downloading zipp-3.23.1-py3-none-any.whl.metadata (3.6 kB)
Collecting contourpy>=1.0.1 (from matplotlib<4->mlflow)
  Downloading contourpy-1.3.3-cp312-cp312-manylinux_2_27_x86_64.manylinux_2_28_x86_64.whl.metadata (5.5 kB)
Collecting cycler>=0.10 (from matplotlib<4->mlflow)
  Downloading cycler-0.12.1-py3-none-any.whl.metadata (3.8 kB)
Collecting fonttools>=4.22.0 (from matplotlib<4->mlflow)
  Downloading fonttools-4.63.0-cp312-cp312-manylinux2014_x86_64.manylinux_2_17_x86_64.whl.metadata (118 kB)
Collecting kiwisolver>=1.3.1 (from matplotlib<4->mlflow)
  Downloading kiwisolver-1.5.0-cp312-cp312-manylinux2014_x86_64.manylinux_2_17_x86_64.whl.metadata (5.1 kB)
Collecting pillow>=8 (from matplotlib<4->mlflow)
  Downloading pillow-12.2.0-cp312-cp312-manylinux_2_27_x86_64.manylinux_2_28_x86_64.whl.metadata (8.8 kB)
Collecting pyparsing>=3 (from matplotlib<4->mlflow)
  Downloading pyparsing-3.3.2-py3-none-any.whl.metadata (5.8 kB)
Collecting importlib_metadata!=4.7.0,<10,>=3.7.0 (from mlflow-skinny==3.12.0->mlflow)
  Downloading importlib_metadata-8.7.1-py3-none-any.whl.metadata (4.7 kB)
Collecting opentelemetry-semantic-conventions==0.62b1 (from opentelemetry-sdk<3,>=1.9.0->mlflow-skinny==3.12.0->mlflow)
  Downloading opentelemetry_semantic_conventions-0.62b1-py3-none-any.whl.metadata (2.5 kB)
Collecting pytz>=2020.1 (from pandas->datasets)
  Downloading pytz-2026.2-py2.py3-none-any.whl.metadata (22 kB)
Collecting tzdata>=2022.7 (from pandas->datasets)
  Downloading tzdata-2026.2-py2.py3-none-any.whl.metadata (1.4 kB)
Collecting annotated-types>=0.6.0 (from pydantic<3,>=2.0.0->mlflow-skinny==3.12.0->mlflow)
  Downloading annotated_types-0.7.0-py3-none-any.whl.metadata (15 kB)
Collecting pydantic-core==2.46.4 (from pydantic<3,>=2.0.0->mlflow-skinny==3.12.0->mlflow)
  Downloading pydantic_core-2.46.4-cp312-cp312-manylinux_2_17_x86_64.manylinux2014_x86_64.whl.metadata (6.6 kB)
Collecting six>=1.5 (from python-dateutil<3,>=2.7.0->graphene<4->mlflow)
  Downloading six-1.17.0-py2.py3-none-any.whl.metadata (1.7 kB)
Collecting charset_normalizer<4,>=2 (from requests>=2.32.2->datasets)
  Downloading charset_normalizer-3.4.7-cp312-cp312-manylinux2014_x86_64.manylinux_2_17_x86_64.manylinux_2_28_x86_64.whl.metadata (40 kB)
Collecting prettytable>=3.9 (from skops<1->mlflow)
  Downloading prettytable-3.17.0-py3-none-any.whl.metadata (34 kB)
Collecting greenlet>=1 (from sqlalchemy<3,>=1.4.0->mlflow)
  Downloading greenlet-3.5.0-cp312-cp312-manylinux_2_24_x86_64.manylinux_2_28_x86_64.whl.metadata (3.7 kB)
Collecting pycparser (from cffi>=2.0.0->cryptography<47,>=43.0.0->mlflow)
  Downloading pycparser-3.0-py3-none-any.whl.metadata (8.2 kB)
Collecting wcwidth (from prettytable>=3.9->skops<1->mlflow)
  Downloading wcwidth-0.7.0-py3-none-any.whl.metadata (36 kB)
Collecting pyasn1<0.7.0,>=0.6.1 (from pyasn1-modules>=0.2.1->google-auth~=2.0->databricks-sdk<1,>=0.20.0->mlflow-skinny==3.12.0->mlflow)
  Downloading pyasn1-0.6.3-py3-none-any.whl.metadata (8.4 kB)
Requirement already satisfied: networkx in ./.venv/lib/python3.12/site-packages (from torch>=2.0.0->accelerate) (3.6.1)
Requirement already satisfied: nvidia-cuda-nvrtc-cu12==12.1.105 in ./.venv/lib/python3.12/site-packages (from torch>=2.0.0->accelerate) (12.1.105)
Requirement already satisfied: nvidia-cuda-runtime-cu12==12.1.105 in ./.venv/lib/python3.12/site-packages (from torch>=2.0.0->accelerate) (12.1.105)
Requirement already satisfied: nvidia-cuda-cupti-cu12==12.1.105 in ./.venv/lib/python3.12/site-packages (from torch>=2.0.0->accelerate) (12.1.105)
Requirement already satisfied: nvidia-cudnn-cu12==9.1.0.70 in ./.venv/lib/python3.12/site-packages (from torch>=2.0.0->accelerate) (9.1.0.70)
Requirement already satisfied: nvidia-cublas-cu12==12.1.3.1 in ./.venv/lib/python3.12/site-packages (from torch>=2.0.0->accelerate) (12.1.3.1)
Requirement already satisfied: nvidia-cufft-cu12==11.0.2.54 in ./.venv/lib/python3.12/site-packages (from torch>=2.0.0->accelerate) (11.0.2.54)
Requirement already satisfied: nvidia-curand-cu12==10.3.2.106 in ./.venv/lib/python3.12/site-packages (from torch>=2.0.0->accelerate) (10.3.2.106)
Requirement already satisfied: nvidia-cusolver-cu12==11.4.5.107 in ./.venv/lib/python3.12/site-packages (from torch>=2.0.0->accelerate) (11.4.5.107)
Requirement already satisfied: nvidia-cusparse-cu12==12.1.0.106 in ./.venv/lib/python3.12/site-packages (from torch>=2.0.0->accelerate) (12.1.0.106)
Requirement already satisfied: nvidia-nccl-cu12==2.21.5 in ./.venv/lib/python3.12/site-packages (from torch>=2.0.0->accelerate) (2.21.5)
Requirement already satisfied: nvidia-nvtx-cu12==12.1.105 in ./.venv/lib/python3.12/site-packages (from torch>=2.0.0->accelerate) (12.1.105)
Requirement already satisfied: triton==3.1.0 in ./.venv/lib/python3.12/site-packages (from torch>=2.0.0->accelerate) (3.1.0)
Requirement already satisfied: setuptools in ./.venv/lib/python3.12/site-packages (from torch>=2.0.0->accelerate) (70.2.0)
Requirement already satisfied: sympy==1.13.1 in ./.venv/lib/python3.12/site-packages (from torch>=2.0.0->accelerate) (1.13.1)
Requirement already satisfied: nvidia-nvjitlink-cu12 in ./.venv/lib/python3.12/site-packages (from nvidia-cusolver-cu12==11.4.5.107->torch>=2.0.0->accelerate) (12.9.86)
Requirement already satisfied: mpmath<1.4,>=1.1.0 in ./.venv/lib/python3.12/site-packages (from sympy==1.13.1->torch>=2.0.0->accelerate) (1.3.0)
Collecting shellingham>=1.3.0 (from typer->transformers)
  Downloading shellingham-1.5.4-py2.py3-none-any.whl.metadata (3.5 kB)
Collecting rich>=13.8.0 (from typer->transformers)
  Downloading rich-15.0.0-py3-none-any.whl.metadata (18 kB)
Collecting markdown-it-py>=2.2.0 (from rich>=13.8.0->typer->transformers)
  Downloading markdown_it_py-4.2.0-py3-none-any.whl.metadata (7.4 kB)
Collecting pygments<3.0.0,>=2.13.0 (from rich>=13.8.0->typer->transformers)
  Downloading pygments-2.20.0-py3-none-any.whl.metadata (2.5 kB)
Collecting mdurl~=0.1 (from markdown-it-py>=2.2.0->rich>=13.8.0->typer->transformers)
  Downloading mdurl-0.1.2-py3-none-any.whl.metadata (1.6 kB)
Downloading transformers-5.8.1-py3-none-any.whl (10.6 MB)
   ━━━━━━━━━━━━━━━━━━━━━━━━━━━━━━━━━━━━━━━━ 10.6/10.6 MB 68.8 MB/s  0:00:00
Downloading huggingface_hub-1.15.0-py3-none-any.whl (663 kB)
   ━━━━━━━━━━━━━━━━━━━━━━━━━━━━━━━━━━━━━━ 663.6/663.6 kB 37.3 MB/s  0:00:00
Downloading hf_xet-1.5.0-cp37-abi3-manylinux2014_x86_64.manylinux_2_17_x86_64.whl (4.5 MB)
   ━━━━━━━━━━━━━━━━━━━━━━━━━━━━━━━━━━━━━━━━ 4.5/4.5 MB 10.7 MB/s  0:00:00
Downloading httpx-0.28.1-py3-none-any.whl (73 kB)
Downloading httpcore-1.0.9-py3-none-any.whl (78 kB)
Downloading tokenizers-0.22.2-cp39-abi3-manylinux_2_17_x86_64.manylinux2014_x86_64.whl (3.3 MB)
   ━━━━━━━━━━━━━━━━━━━━━━━━━━━━━━━━━━━━━━━━ 3.3/3.3 MB 68.7 MB/s  0:00:00
Downloading datasets-4.8.5-py3-none-any.whl (528 kB)
   ━━━━━━━━━━━━━━━━━━━━━━━━━━━━━━━━━━━━━━ 529.0/529.0 kB 29.2 MB/s  0:00:00
Downloading dill-0.4.1-py3-none-any.whl (120 kB)
Downloading fsspec-2026.2.0-py3-none-any.whl (202 kB)
Downloading multiprocess-0.70.19-py312-none-any.whl (150 kB)
Downloading accelerate-1.13.0-py3-none-any.whl (383 kB)
Downloading evaluate-0.4.6-py3-none-any.whl (84 kB)
Downloading scikit_learn-1.8.0-cp312-cp312-manylinux_2_27_x86_64.manylinux_2_28_x86_64.whl (8.9 MB)
   ━━━━━━━━━━━━━━━━━━━━━━━━━━━━━━━━━━━━━━━━ 8.9/8.9 MB 56.3 MB/s  0:00:00
Downloading mlflow-3.12.0-py3-none-any.whl (10.6 MB)
   ━━━━━━━━━━━━━━━━━━━━━━━━━━━━━━━━━━━━━━━━ 10.6/10.6 MB 21.9 MB/s  0:00:00
Downloading mlflow_skinny-3.12.0-py3-none-any.whl (3.3 MB)
   ━━━━━━━━━━━━━━━━━━━━━━━━━━━━━━━━━━━━━━━━ 3.3/3.3 MB 75.4 MB/s  0:00:00
Downloading mlflow_tracing-3.12.0-py3-none-any.whl (1.6 MB)
   ━━━━━━━━━━━━━━━━━━━━━━━━━━━━━━━━━━━━━━━━ 1.6/1.6 MB 65.2 MB/s  0:00:00
Downloading aiohttp-3.13.5-cp312-cp312-manylinux2014_x86_64.manylinux_2_17_x86_64.manylinux_2_28_x86_64.whl (1.8 MB)
   ━━━━━━━━━━━━━━━━━━━━━━━━━━━━━━━━━━━━━━━━ 1.8/1.8 MB 83.8 MB/s  0:00:00
Downloading alembic-1.18.4-py3-none-any.whl (263 kB)
Downloading cachetools-7.1.2-py3-none-any.whl (16 kB)
Downloading click-8.4.0-py3-none-any.whl (116 kB)
Downloading cloudpickle-3.1.2-py3-none-any.whl (22 kB)
Downloading cryptography-46.0.7-cp311-abi3-manylinux_2_34_x86_64.whl (4.5 MB)
   ━━━━━━━━━━━━━━━━━━━━━━━━━━━━━━━━━━━━━━━━ 4.5/4.5 MB 52.7 MB/s  0:00:00
Downloading databricks_sdk-0.108.0-py3-none-any.whl (887 kB)
   ━━━━━━━━━━━━━━━━━━━━━━━━━━━━━━━━━━━━━━━ 887.6/887.6 kB 2.2 MB/s  0:00:00
Downloading docker-7.1.0-py3-none-any.whl (147 kB)
Downloading fastapi-0.136.1-py3-none-any.whl (117 kB)
Downloading flask-3.1.3-py3-none-any.whl (103 kB)
Downloading flask_cors-6.0.2-py3-none-any.whl (13 kB)
Downloading gitpython-3.1.50-py3-none-any.whl (212 kB)
Downloading gitdb-4.0.12-py3-none-any.whl (62 kB)
Downloading google_auth-2.53.0-py3-none-any.whl (246 kB)
Downloading graphene-3.4.3-py2.py3-none-any.whl (114 kB)
Downloading graphql_core-3.2.8-py3-none-any.whl (207 kB)
Downloading graphql_relay-3.2.0-py3-none-any.whl (16 kB)
Downloading gunicorn-25.3.0-py3-none-any.whl (208 kB)
Downloading huey-2.6.0-py3-none-any.whl (76 kB)
Downloading matplotlib-3.10.9-cp312-cp312-manylinux2014_x86_64.manylinux_2_17_x86_64.whl (8.8 MB)
   ━━━━━━━━━━━━━━━━━━━━━━━━━━━━━━━━━━━━━━━━ 8.8/8.8 MB 38.2 MB/s  0:00:00
Downloading multidict-6.7.1-cp312-cp312-manylinux2014_x86_64.manylinux_2_17_x86_64.manylinux_2_28_x86_64.whl (256 kB)
Downloading numpy-2.4.5-cp312-cp312-manylinux_2_27_x86_64.manylinux_2_28_x86_64.whl (16.6 MB)
   ━━━━━━━━━━━━━━━━━━━━━━━━━━━━━━━━━━━━━━━━ 16.6/16.6 MB 27.8 MB/s  0:00:00
Downloading opentelemetry_api-1.41.1-py3-none-any.whl (69 kB)
Downloading importlib_metadata-8.7.1-py3-none-any.whl (27 kB)
Downloading opentelemetry_proto-1.41.1-py3-none-any.whl (72 kB)
Downloading opentelemetry_sdk-1.41.1-py3-none-any.whl (180 kB)
Downloading opentelemetry_semantic_conventions-0.62b1-py3-none-any.whl (231 kB)
Downloading packaging-26.2-py3-none-any.whl (100 kB)
Downloading pandas-2.3.3-cp312-cp312-manylinux_2_24_x86_64.manylinux_2_28_x86_64.whl (12.4 MB)
   ━━━━━━━━━━━━━━━━━━━━━━━━━━━━━━━━━━━━━━━━ 12.4/12.4 MB 64.3 MB/s  0:00:00
Downloading protobuf-6.33.6-cp39-abi3-manylinux2014_x86_64.whl (323 kB)
Downloading pyarrow-23.0.1-cp312-cp312-manylinux_2_28_x86_64.whl (47.6 MB)
   ━━━━━━━━━━━━━━━━━━━━━━━━━━━━━━━━━━━━━━━━ 47.6/47.6 MB 36.3 MB/s  0:00:01
Downloading pydantic-2.13.4-py3-none-any.whl (472 kB)
Downloading pydantic_core-2.46.4-cp312-cp312-manylinux_2_17_x86_64.manylinux2014_x86_64.whl (2.1 MB)
   ━━━━━━━━━━━━━━━━━━━━━━━━━━━━━━━━━━━━━━━━ 2.1/2.1 MB 73.1 MB/s  0:00:00
Downloading python_dateutil-2.9.0.post0-py2.py3-none-any.whl (229 kB)
Downloading python_dotenv-1.2.2-py3-none-any.whl (22 kB)
Downloading pyyaml-6.0.3-cp312-cp312-manylinux2014_x86_64.manylinux_2_17_x86_64.manylinux_2_28_x86_64.whl (807 kB)
   ━━━━━━━━━━━━━━━━━━━━━━━━━━━━━━━━━━━━━━ 807.9/807.9 kB 34.4 MB/s  0:00:00
Downloading requests-2.34.2-py3-none-any.whl (73 kB)
Downloading charset_normalizer-3.4.7-cp312-cp312-manylinux2014_x86_64.manylinux_2_17_x86_64.manylinux_2_28_x86_64.whl (216 kB)
Downloading idna-3.15-py3-none-any.whl (72 kB)
Downloading scipy-1.17.1-cp312-cp312-manylinux_2_27_x86_64.manylinux_2_28_x86_64.whl (35.2 MB)
   ━━━━━━━━━━━━━━━━━━━━━━━━━━━━━━━━━━━━━━━━ 35.2/35.2 MB 42.0 MB/s  0:00:00
Downloading skops-0.14.0-py3-none-any.whl (132 kB)
Downloading smmap-5.0.3-py3-none-any.whl (24 kB)
Downloading sqlalchemy-2.0.49-cp312-cp312-manylinux2014_x86_64.manylinux_2_17_x86_64.manylinux_2_28_x86_64.whl (3.4 MB)
   ━━━━━━━━━━━━━━━━━━━━━━━━━━━━━━━━━━━━━━━━ 3.4/3.4 MB 81.5 MB/s  0:00:00
Downloading sqlparse-0.5.5-py3-none-any.whl (46 kB)
Downloading starlette-0.52.1-py3-none-any.whl (74 kB)
Downloading anyio-4.13.0-py3-none-any.whl (114 kB)
Downloading urllib3-2.7.0-py3-none-any.whl (131 kB)
Downloading uvicorn-0.47.0-py3-none-any.whl (71 kB)
Downloading yarl-1.23.0-cp312-cp312-manylinux2014_x86_64.manylinux_2_17_x86_64.manylinux_2_28_x86_64.whl (100 kB)
Downloading aiohappyeyeballs-2.6.1-py3-none-any.whl (15 kB)
Downloading aiosignal-1.4.0-py3-none-any.whl (7.5 kB)
Downloading annotated_doc-0.0.4-py3-none-any.whl (5.3 kB)
Downloading annotated_types-0.7.0-py3-none-any.whl (13 kB)
Downloading attrs-26.1.0-py3-none-any.whl (67 kB)
Downloading blinker-1.9.0-py3-none-any.whl (8.5 kB)
Downloading certifi-2026.4.22-py3-none-any.whl (135 kB)
Using cached cffi-2.0.0-cp312-cp312-manylinux2014_x86_64.manylinux_2_17_x86_64.whl (219 kB)
Downloading contourpy-1.3.3-cp312-cp312-manylinux_2_27_x86_64.manylinux_2_28_x86_64.whl (362 kB)
Downloading cycler-0.12.1-py3-none-any.whl (8.3 kB)
Downloading fonttools-4.63.0-cp312-cp312-manylinux2014_x86_64.manylinux_2_17_x86_64.whl (5.0 MB)
   ━━━━━━━━━━━━━━━━━━━━━━━━━━━━━━━━━━━━━━━━ 5.0/5.0 MB 82.1 MB/s  0:00:00
Downloading frozenlist-1.8.0-cp312-cp312-manylinux1_x86_64.manylinux_2_28_x86_64.manylinux_2_5_x86_64.whl (242 kB)
Downloading greenlet-3.5.0-cp312-cp312-manylinux_2_24_x86_64.manylinux_2_28_x86_64.whl (611 kB)
   ━━━━━━━━━━━━━━━━━━━━━━━━━━━━━━━━━━━━━━ 611.4/611.4 kB 39.5 MB/s  0:00:00
Downloading h11-0.16.0-py3-none-any.whl (37 kB)
Downloading itsdangerous-2.2.0-py3-none-any.whl (16 kB)
Downloading joblib-1.5.3-py3-none-any.whl (309 kB)
Downloading kiwisolver-1.5.0-cp312-cp312-manylinux2014_x86_64.manylinux_2_17_x86_64.whl (1.5 MB)
   ━━━━━━━━━━━━━━━━━━━━━━━━━━━━━━━━━━━━━━━━ 1.5/1.5 MB 54.7 MB/s  0:00:00
Downloading pillow-12.2.0-cp312-cp312-manylinux_2_27_x86_64.manylinux_2_28_x86_64.whl (7.1 MB)
   ━━━━━━━━━━━━━━━━━━━━━━━━━━━━━━━━━━━━━━━━ 7.1/7.1 MB 17.8 MB/s  0:00:00
Downloading prettytable-3.17.0-py3-none-any.whl (34 kB)
Downloading propcache-0.5.2-cp312-cp312-manylinux2014_x86_64.manylinux_2_17_x86_64.manylinux_2_28_x86_64.whl (61 kB)
Downloading pyasn1_modules-0.4.2-py3-none-any.whl (181 kB)
Downloading pyasn1-0.6.3-py3-none-any.whl (83 kB)
Downloading pyparsing-3.3.2-py3-none-any.whl (122 kB)
Downloading pytz-2026.2-py2.py3-none-any.whl (510 kB)
Downloading regex-2026.5.9-cp312-cp312-manylinux2014_x86_64.manylinux_2_17_x86_64.manylinux_2_28_x86_64.whl (801 kB)
   ━━━━━━━━━━━━━━━━━━━━━━━━━━━━━━━━━━━━━━ 801.2/801.2 kB 44.9 MB/s  0:00:00
Downloading safetensors-0.7.0-cp38-abi3-manylinux_2_17_x86_64.manylinux2014_x86_64.whl (507 kB)
Downloading six-1.17.0-py2.py3-none-any.whl (11 kB)
Downloading threadpoolctl-3.6.0-py3-none-any.whl (18 kB)
Downloading tqdm-4.67.3-py3-none-any.whl (78 kB)
Downloading typer-0.25.1-py3-none-any.whl (58 kB)
Downloading rich-15.0.0-py3-none-any.whl (310 kB)
Downloading pygments-2.20.0-py3-none-any.whl (1.2 MB)
   ━━━━━━━━━━━━━━━━━━━━━━━━━━━━━━━━━━━━━━━━ 1.2/1.2 MB 44.9 MB/s  0:00:00
Downloading markdown_it_py-4.2.0-py3-none-any.whl (91 kB)
Downloading mdurl-0.1.2-py3-none-any.whl (10.0 kB)
Downloading shellingham-1.5.4-py2.py3-none-any.whl (9.8 kB)
Downloading typing_inspection-0.4.2-py3-none-any.whl (14 kB)
Downloading tzdata-2026.2-py2.py3-none-any.whl (349 kB)
Downloading werkzeug-3.1.8-py3-none-any.whl (226 kB)
Downloading zipp-3.23.1-py3-none-any.whl (10 kB)
Downloading mako-1.3.12-py3-none-any.whl (78 kB)
Downloading psutil-7.2.2-cp36-abi3-manylinux2010_x86_64.manylinux_2_12_x86_64.manylinux_2_28_x86_64.whl (155 kB)
Downloading pycparser-3.0-py3-none-any.whl (48 kB)
Downloading wcwidth-0.7.0-py3-none-any.whl (110 kB)
Downloading xxhash-3.7.0-cp312-cp312-manylinux2014_x86_64.manylinux_2_17_x86_64.manylinux_2_28_x86_64.whl (193 kB)
Installing collected packages: pytz, huey, zipp, xxhash, werkzeug, wcwidth, urllib3, tzdata, typing-inspection, tqdm, threadpoolctl, sqlparse, smmap, six, shellingham, safetensors, regex, pyyaml, python-dotenv, pyparsing, pygments, pydantic-core, pycparser, pyasn1, pyarrow, psutil, protobuf, propcache, pillow, packaging, numpy, multidict, mdurl, Mako, kiwisolver, joblib, itsdangerous, idna, hf-xet, h11, greenlet, graphql-core, fsspec, frozenlist, fonttools, dill, cycler, cloudpickle, click, charset_normalizer, certifi, cachetools, blinker, attrs, annotated-types, annotated-doc, aiohappyeyeballs, yarl, uvicorn, sqlalchemy, scipy, requests, python-dateutil, pydantic, pyasn1-modules, prettytable, opentelemetry-proto, multiprocess, markdown-it-py, importlib_metadata, httpcore, gunicorn, graphql-relay, gitdb, Flask, contourpy, cffi, anyio, aiosignal, starlette, scikit-learn, rich, pandas, opentelemetry-api, matplotlib, httpx, graphene, gitpython, Flask-CORS, docker, cryptography, alembic, aiohttp, typer, skops, opentelemetry-semantic-conventions, google-auth, fastapi, opentelemetry-sdk, huggingface-hub, databricks-sdk, tokenizers, mlflow-tracing, mlflow-skinny, datasets, accelerate, transformers, mlflow, evaluate
  Attempting uninstall: fsspec
    Found existing installation: fsspec 2026.4.0
    Uninstalling fsspec-2026.4.0:
      Successfully uninstalled fsspec-2026.4.0

Successfully installed Flask-3.1.3 Flask-CORS-6.0.2 Mako-1.3.12 accelerate-1.13.0 aiohappyeyeballs-2.6.1 aiohttp-3.13.5 aiosignal-1.4.0 alembic-1.18.4 annotated-doc-0.0.4 annotated-types-0.7.0 anyio-4.13.0 attrs-26.1.0 blinker-1.9.0 cachetools-7.1.2 certifi-2026.4.22 cffi-2.0.0 charset_normalizer-3.4.7 click-8.4.0 cloudpickle-3.1.2 contourpy-1.3.3 cryptography-46.0.7 cycler-0.12.1 databricks-sdk-0.108.0 datasets-4.8.5 dill-0.4.1 docker-7.1.0 evaluate-0.4.6 fastapi-0.136.1 fonttools-4.63.0 frozenlist-1.8.0 fsspec-2026.2.0 gitdb-4.0.12 gitpython-3.1.50 google-auth-2.53.0 graphene-3.4.3 graphql-core-3.2.8 graphql-relay-3.2.0 greenlet-3.5.0 gunicorn-25.3.0 h11-0.16.0 hf-xet-1.5.0 httpcore-1.0.9 httpx-0.28.1 huey-2.6.0 huggingface-hub-1.15.0 idna-3.15 importlib_metadata-8.7.1 itsdangerous-2.2.0 joblib-1.5.3 kiwisolver-1.5.0 markdown-it-py-4.2.0 matplotlib-3.10.9 mdurl-0.1.2 mlflow-3.12.0 mlflow-skinny-3.12.0 mlflow-tracing-3.12.0 multidict-6.7.1 multiprocess-0.70.19 numpy-2.4.5 opentelemetry-api-1.41.1 opentelemetry-proto-1.41.1 opentelemetry-sdk-1.41.1 opentelemetry-semantic-conventions-0.62b1 packaging-26.2 pandas-2.3.3 pillow-12.2.0 prettytable-3.17.0 propcache-0.5.2 protobuf-6.33.6 psutil-7.2.2 pyarrow-23.0.1 pyasn1-0.6.3 pyasn1-modules-0.4.2 pycparser-3.0 pydantic-2.13.4 pydantic-core-2.46.4 pygments-2.20.0 pyparsing-3.3.2 python-dateutil-2.9.0.post0 python-dotenv-1.2.2 pytz-2026.2 pyyaml-6.0.3 regex-2026.5.9 requests-2.34.2 rich-15.0.0 safetensors-0.7.0 scikit-learn-1.8.0 scipy-1.17.1 shellingham-1.5.4 six-1.17.0 skops-0.14.0 smmap-5.0.3 sqlalchemy-2.0.49 sqlparse-0.5.5 starlette-0.52.1 threadpoolctl-3.6.0 tokenizers-0.22.2 tqdm-4.67.3 transformers-5.8.1 typer-0.25.1 typing-inspection-0.4.2 tzdata-2026.2 urllib3-2.7.0 uvicorn-0.47.0 wcwidth-0.7.0 werkzeug-3.1.8 xxhash-3.7.0 yarl-1.23.0 zipp-3.23.1
Requirement already satisfied: numpy in ./.venv/lib/python3.12/site-packages (2.4.5)
Requirement already satisfied: pandas in ./.venv/lib/python3.12/site-packages (2.3.3)
Requirement already satisfied: matplotlib in ./.venv/lib/python3.12/site-packages (3.10.9)
Collecting seaborn
  Downloading seaborn-0.13.2-py3-none-any.whl.metadata (5.4 kB)
Requirement already satisfied: python-dateutil>=2.8.2 in ./.venv/lib/python3.12/site-packages (from pandas) (2.9.0.post0)
Requirement already satisfied: pytz>=2020.1 in ./.venv/lib/python3.12/site-packages (from pandas) (2026.2)
Requirement already satisfied: tzdata>=2022.7 in ./.venv/lib/python3.12/site-packages (from pandas) (2026.2)
Requirement already satisfied: contourpy>=1.0.1 in ./.venv/lib/python3.12/site-packages (from matplotlib) (1.3.3)
Requirement already satisfied: cycler>=0.10 in ./.venv/lib/python3.12/site-packages (from matplotlib) (0.12.1)
Requirement already satisfied: fonttools>=4.22.0 in ./.venv/lib/python3.12/site-packages (from matplotlib) (4.63.0)
Requirement already satisfied: kiwisolver>=1.3.1 in ./.venv/lib/python3.12/site-packages (from matplotlib) (1.5.0)
Requirement already satisfied: packaging>=20.0 in ./.venv/lib/python3.12/site-packages (from matplotlib) (26.2)
Requirement already satisfied: pillow>=8 in ./.venv/lib/python3.12/site-packages (from matplotlib) (12.2.0)
Requirement already satisfied: pyparsing>=3 in ./.venv/lib/python3.12/site-packages (from matplotlib) (3.3.2)
Requirement already satisfied: six>=1.5 in ./.venv/lib/python3.12/site-packages (from python-dateutil>=2.8.2->pandas) (1.17.0)
Downloading seaborn-0.13.2-py3-none-any.whl (294 kB)
Installing collected packages: seaborn
Successfully installed seaborn-0.13.2
Requirement already satisfied: fastapi in ./.venv/lib/python3.12/site-packages (0.136.1)
Requirement already satisfied: uvicorn in ./.venv/lib/python3.12/site-packages (0.47.0)
Requirement already satisfied: requests in ./.venv/lib/python3.12/site-packages (2.34.2)
Requirement already satisfied: pydantic in ./.venv/lib/python3.12/site-packages (2.13.4)
Requirement already satisfied: starlette>=0.46.0 in ./.venv/lib/python3.12/site-packages (from fastapi) (0.52.1)
Requirement already satisfied: typing-extensions>=4.8.0 in ./.venv/lib/python3.12/site-packages (from fastapi) (4.15.0)
Requirement already satisfied: typing-inspection>=0.4.2 in ./.venv/lib/python3.12/site-packages (from fastapi) (0.4.2)
Requirement already satisfied: annotated-doc>=0.0.2 in ./.venv/lib/python3.12/site-packages (from fastapi) (0.0.4)
Requirement already satisfied: click>=7.0 in ./.venv/lib/python3.12/site-packages (from uvicorn) (8.4.0)
Requirement already satisfied: h11>=0.8 in ./.venv/lib/python3.12/site-packages (from uvicorn) (0.16.0)
Requirement already satisfied: charset_normalizer<4,>=2 in ./.venv/lib/python3.12/site-packages (from requests) (3.4.7)
Requirement already satisfied: idna<4,>=2.5 in ./.venv/lib/python3.12/site-packages (from requests) (3.15)
Requirement already satisfied: urllib3<3,>=1.26 in ./.venv/lib/python3.12/site-packages (from requests) (2.7.0)
Requirement already satisfied: certifi>=2023.5.7 in ./.venv/lib/python3.12/site-packages (from requests) (2026.4.22)
Requirement already satisfied: annotated-types>=0.6.0 in ./.venv/lib/python3.12/site-packages (from pydantic) (0.7.0)
Requirement already satisfied: pydantic-core==2.46.4 in ./.venv/lib/python3.12/site-packages (from pydantic) (2.46.4)
Requirement already satisfied: anyio<5,>=3.6.2 in ./.venv/lib/python3.12/site-packages (from starlette>=0.46.0->fastapi) (4.13.0)
Collecting pylint
  Downloading pylint-4.0.5-py3-none-any.whl.metadata (12 kB)
Collecting ruff
  Downloading ruff-0.15.13-py3-none-manylinux_2_17_x86_64.manylinux2014_x86_64.whl.metadata (26 kB)
Collecting astroid<=4.1.dev0,>=4.0.2 (from pylint)
  Downloading astroid-4.0.4-py3-none-any.whl.metadata (4.4 kB)
Requirement already satisfied: dill>=0.3.6 in ./.venv/lib/python3.12/site-packages (from pylint) (0.4.1)
Collecting isort!=5.13,<9,>=5 (from pylint)
  Downloading isort-8.0.1-py3-none-any.whl.metadata (11 kB)
Collecting mccabe<0.8,>=0.6 (from pylint)
  Downloading mccabe-0.7.0-py2.py3-none-any.whl.metadata (5.0 kB)
Collecting platformdirs>=2.2 (from pylint)
  Downloading platformdirs-4.9.6-py3-none-any.whl.metadata (4.7 kB)
Collecting tomlkit>=0.10.1 (from pylint)
  Downloading tomlkit-0.15.0-py3-none-any.whl.metadata (2.8 kB)
Downloading pylint-4.0.5-py3-none-any.whl (536 kB)
   ━━━━━━━━━━━━━━━━━━━━━━━━━━━━━━━━━━━━━━ 536.7/536.7 kB 24.1 MB/s  0:00:00
Downloading astroid-4.0.4-py3-none-any.whl (276 kB)
Downloading isort-8.0.1-py3-none-any.whl (89 kB)
Downloading mccabe-0.7.0-py2.py3-none-any.whl (7.3 kB)
Downloading ruff-0.15.13-py3-none-manylinux_2_17_x86_64.manylinux2014_x86_64.whl (11.4 MB)
   ━━━━━━━━━━━━━━━━━━━━━━━━━━━━━━━━━━━━━━━━ 11.4/11.4 MB 35.3 MB/s  0:00:00
Downloading platformdirs-4.9.6-py3-none-any.whl (21 kB)
Downloading tomlkit-0.15.0-py3-none-any.whl (41 kB)
Installing collected packages: tomlkit, ruff, platformdirs, mccabe, isort, astroid, pylint

Successfully installed astroid-4.0.4 isort-8.0.1 mccabe-0.7.0 platformdirs-4.9.6 pylint-4.0.5 ruff-0.15.13 tomlkit-0.15.0
5. Generazione requirements.txt
accelerate==1.13.0
aiohappyeyeballs==2.6.1
aiohttp==3.13.5
aiosignal==1.4.0
alembic==1.18.4
annotated-doc==0.0.4
annotated-types==0.7.0
anyio==4.13.0
astroid==4.0.4
attrs==26.1.0
blinker==1.9.0
cachetools==7.1.2
certifi==2026.4.22
cffi==2.0.0
charset-normalizer==3.4.7
click==8.4.0
cloudpickle==3.1.2
contourpy==1.3.3
cryptography==46.0.7
cycler==0.12.1
databricks-sdk==0.108.0
datasets==4.8.5
dill==0.4.1
docker==7.1.0
evaluate==0.4.6
fastapi==0.136.1
filelock==3.29.0
Flask==3.1.3
flask-cors==6.0.2
fonttools==4.63.0
frozenlist==1.8.0
fsspec==2026.2.0
gitdb==4.0.12
GitPython==3.1.50
google-auth==2.53.0
graphene==3.4.3
graphql-core==3.2.8
graphql-relay==3.2.0
greenlet==3.5.0
gunicorn==25.3.0
h11==0.16.0
hf-xet==1.5.0
httpcore==1.0.9
httpx==0.28.1
huey==2.6.0
huggingface_hub==1.15.0
idna==3.15
importlib_metadata==8.7.1
isort==8.0.1
itsdangerous==2.2.0
Jinja2==3.1.6
joblib==1.5.3
kiwisolver==1.5.0
Mako==1.3.12
markdown-it-py==4.2.0
MarkupSafe==3.0.3
matplotlib==3.10.9
mccabe==0.7.0
mdurl==0.1.2
mlflow==3.12.0
mlflow-skinny==3.12.0
mlflow-tracing==3.12.0
mpmath==1.3.0
multidict==6.7.1
multiprocess==0.70.19
networkx==3.6.1
numpy==2.4.5
nvidia-cublas-cu12==12.1.3.1
nvidia-cuda-cupti-cu12==12.1.105
nvidia-cuda-nvrtc-cu12==12.1.105
nvidia-cuda-runtime-cu12==12.1.105
nvidia-cudnn-cu12==9.1.0.70
nvidia-cufft-cu12==11.0.2.54
nvidia-curand-cu12==10.3.2.106
nvidia-cusolver-cu12==11.4.5.107
nvidia-cusparse-cu12==12.1.0.106
nvidia-nccl-cu12==2.21.5
nvidia-nvjitlink-cu12==12.9.86
nvidia-nvtx-cu12==12.1.105
opentelemetry-api==1.41.1
opentelemetry-proto==1.41.1
opentelemetry-sdk==1.41.1
opentelemetry-semantic-conventions==0.62b1
packaging==26.2
pandas==2.3.3
pillow==12.2.0
platformdirs==4.9.6
prettytable==3.17.0
propcache==0.5.2
protobuf==6.33.6
psutil==7.2.2
pyarrow==23.0.1
pyasn1==0.6.3
pyasn1_modules==0.4.2
pycparser==3.0
pydantic==2.13.4
pydantic_core==2.46.4
Pygments==2.20.0
pylint==4.0.5
pyparsing==3.3.2
python-dateutil==2.9.0.post0
python-dotenv==1.2.2
pytz==2026.2
PyYAML==6.0.3
regex==2026.5.9
requests==2.34.2
rich==15.0.0
ruff==0.15.13
safetensors==0.7.0
scikit-learn==1.8.0
scipy==1.17.1
seaborn==0.13.2
setuptools==70.2.0
shellingham==1.5.4
six==1.17.0
skops==0.14.0
smmap==5.0.3
SQLAlchemy==2.0.49
sqlparse==0.5.5
starlette==0.52.1
sympy==1.13.1
threadpoolctl==3.6.0
tokenizers==0.22.2
tomlkit==0.15.0
torch==2.5.1+cu121
tqdm==4.67.3
transformers==5.8.1
triton==3.1.0
typer==0.25.1
typing-inspection==0.4.2
typing_extensions==4.15.0
tzdata==2026.2
urllib3==2.7.0
uvicorn==0.47.0
wcwidth==0.7.0
Werkzeug==3.1.8
xxhash==3.7.0
yarl==1.23.0
zipp==3.23.1
Elenco pacchetti installati
Package                            Version
---------------------------------- -----------
accelerate                         1.13.0
aiohappyeyeballs                   2.6.1
aiohttp                            3.13.5
aiosignal                          1.4.0
alembic                            1.18.4
annotated-doc                      0.0.4
annotated-types                    0.7.0
anyio                              4.13.0
astroid                            4.0.4
attrs                              26.1.0
blinker                            1.9.0
cachetools                         7.1.2
certifi                            2026.4.22
cffi                               2.0.0
charset-normalizer                 3.4.7
click                              8.4.0
cloudpickle                        3.1.2
contourpy                          1.3.3
cryptography                       46.0.7
cycler                             0.12.1
databricks-sdk                     0.108.0
datasets                           4.8.5
dill                               0.4.1
docker                             7.1.0
evaluate                           0.4.6
fastapi                            0.136.1
filelock                           3.29.0
Flask                              3.1.3
flask-cors                         6.0.2
fonttools                          4.63.0
frozenlist                         1.8.0
fsspec                             2026.2.0
gitdb                              4.0.12
GitPython                          3.1.50
google-auth                        2.53.0
graphene                           3.4.3
graphql-core                       3.2.8
graphql-relay                      3.2.0
greenlet                           3.5.0
gunicorn                           25.3.0
h11                                0.16.0
hf-xet                             1.5.0
httpcore                           1.0.9
httpx                              0.28.1
huey                               2.6.0
huggingface_hub                    1.15.0
idna                               3.15
importlib_metadata                 8.7.1
isort                              8.0.1
itsdangerous                       2.2.0
Jinja2                             3.1.6
joblib                             1.5.3
kiwisolver                         1.5.0
Mako                               1.3.12
markdown-it-py                     4.2.0
MarkupSafe                         3.0.3
matplotlib                         3.10.9
mccabe                             0.7.0
mdurl                              0.1.2
mlflow                             3.12.0
mlflow-skinny                      3.12.0
mlflow-tracing                     3.12.0
mpmath                             1.3.0
multidict                          6.7.1
multiprocess                       0.70.19
networkx                           3.6.1
numpy                              2.4.5
nvidia-cublas-cu12                 12.1.3.1
nvidia-cuda-cupti-cu12             12.1.105
nvidia-cuda-nvrtc-cu12             12.1.105
nvidia-cuda-runtime-cu12           12.1.105
nvidia-cudnn-cu12                  9.1.0.70
nvidia-cufft-cu12                  11.0.2.54
nvidia-curand-cu12                 10.3.2.106
nvidia-cusolver-cu12               11.4.5.107
nvidia-cusparse-cu12               12.1.0.106
nvidia-nccl-cu12                   2.21.5
nvidia-nvjitlink-cu12              12.9.86
nvidia-nvtx-cu12                   12.1.105
opentelemetry-api                  1.41.1
opentelemetry-proto                1.41.1
opentelemetry-sdk                  1.41.1
opentelemetry-semantic-conventions 0.62b1
packaging                          26.2
pandas                             2.3.3
pillow                             12.2.0
pip                                26.1.1
platformdirs                       4.9.6
prettytable                        3.17.0
propcache                          0.5.2
protobuf                           6.33.6
psutil                             7.2.2
pyarrow                            23.0.1
pyasn1                             0.6.3
pyasn1_modules                     0.4.2
pycparser                          3.0
pydantic                           2.13.4
pydantic_core                      2.46.4
Pygments                           2.20.0
pylint                             4.0.5
pyparsing                          3.3.2
python-dateutil                    2.9.0.post0
python-dotenv                      1.2.2
pytz                               2026.2
PyYAML                             6.0.3
regex                              2026.5.9
requests                           2.34.2
rich                               15.0.0
ruff                               0.15.13
safetensors                        0.7.0
scikit-learn                       1.8.0
scipy                              1.17.1
seaborn                            0.13.2
setuptools                         70.2.0
shellingham                        1.5.4
six                                1.17.0
skops                              0.14.0
smmap                              5.0.3
SQLAlchemy                         2.0.49
sqlparse                           0.5.5
starlette                          0.52.1
sympy                              1.13.1
threadpoolctl                      3.6.0
tokenizers                         0.22.2
tomlkit                            0.15.0
torch                              2.5.1+cu121
tqdm                               4.67.3
transformers                       5.8.1
triton                             3.1.0
typer                              0.25.1
typing_extensions                  4.15.0
typing-inspection                  0.4.2
tzdata                             2026.2
urllib3                            2.7.0
uvicorn                            0.47.0
wcwidth                            0.7.0
Werkzeug                           3.1.8
xxhash                             3.7.0
yarl                               1.23.0
zipp                               3.23.1
----------------------------------------------------
 Setup completato con successo!
 Controlli sul codespaces
 nvidia-smi
 Per iniziare a lavorare, attiva l'ambiente virtuale con:
 source .venv/bin/activate
 start verifica GPU/CPU
 python -c "import torch; print('GPU Disponibile:', torch.cuda.is_available()); print('Nome GPU:', torch.cuda.get_device_name(0) if torch.cuda.is_available() else 'Nessuna GPU. Usa CPU')"
 end verifica GPU/CPU
----------------------------------------------------
----------------------------------------------------
Verifica Ambiente e Hardware 
Visualizzazione pacchetti installati:
fastapi                            0.136.1
mlflow                             3.12.0
mlflow-skinny                      3.12.0
mlflow-tracing                     3.12.0
pydantic                           2.13.4
pydantic_core                      2.46.4
requests                           2.34.2
torch                              2.5.1+cu121
transformers                       5.8.1
uvicorn                            0.47.0
----------------------------------------------------
Verifica GPU/CPU via PyTorch:
GPU Disponibile: False
Nome GPU: Nessuna GPU. Uso CPU
----------------------------------------------------
Per iniziare a lavorare, attiva l'ambiente nel tuo terminale con:
source .venv/bin/activate
----------------------------------------------------
----------------------------------------------------
